MPASM 5.86  /HOME/NAOKI/MPLABXPROJECTS/LED.X   1-30-2020  19:54:54         PAGE  1


LOC  OBJECT CODE     LINE SOURCE TEXT
  VALUE

                      00001     LIST  P=16F88
                      00002     #INCLUDE "p16f88.inc"
                      00001         LIST
                      00002 
                      00003 ;==========================================================================
                      00004 ; Build date : Oct 24 2019
                      00005 ;  MPASM PIC16F88 processor include
                      00006 ; 
                      00007 ;  (c) Copyright 1999-2019 Microchip Technology, All rights reserved
                      00008 ;==========================================================================
                      00009 
                      00550         LIST
                      00003 ; CONFIG1
                      00004 ; __config 0xEF70
2007   3F50           00005  __CONFIG _CONFIG1, _INTRC_IO & _WDT_OFF & _PWRTE_ON & _MCLRE_OFF & _BOREN_ON & _LVP_OFF & _CPD_OFF & _W
                            RT_OFF & _CPD_OFF
                      00006 ; CONFIG2
                      00007 ; __config 0xFFFC
2008   3FFC           00008  __CONFIG _CONFIG2, _FCMEN_OFF & _IESO_OFF
                      00009  
  00000020            00010 CNT1    EQU         20H
  00000021            00011 CNT2    EQU         21H
  00000022            00012 CNT3    EQU         22H
                      00013  
                      00014         ORG         0
0000                  00015 INIT
                      00016         ;<< PICの初期化     >>
0000   1683           00017         BSF         STATUS,RP0  ; Bank1に切替え
0001   3070           00018         MOVLW       70H         ; 内蔵クロックの周波数を8MHzに設定
Message[302]: Register in operand not in bank 0.  Ensure that bank bits are correct.
0002   008F           00019         MOVWF       OSCCON      ; 内蔵クロック設定
Message[302]: Register in operand not in bank 0.  Ensure that bank bits are correct.
0003   0186           00020         CLRF        TRISB       ; PORTBの入出力設定
0004   1283           00021         BCF         STATUS,RP0  ; Bank0に切替え
                      00022  
0005                  00023 MAIN_LOOP
0005   3001           00024         MOVLW       01H         ; RB0設定
0006   0086           00025         MOVWF       PORTB       ; RB0を1にする
                      00026         
0007   2???           00027         CALL        TIMER3      ; 0.5s待ち
0008   0186           00028         CLRF        PORTB       ; PORT Bをクリア(RB0を0)
                      00029         
0009   2???           00030         CALL        TIMER3      ; 0.5s待ち
000A   2???           00031         GOTO        MAIN_LOOP   ; 無限ループ
                      00032  
000B                  00033 TIMER3                          ; 0.5s 999023サイクル
000B   3005           00034         MOVLW       D'5'
000C   00A2           00035         MOVWF       CNT3
000D                  00036 LOOP3
000D   2???           00037         CALL        TIMER2
000E   0BA2           00038         DECFSZ      CNT3,F
000F   2???           00039         GOTO        LOOP3
0010   0008           00040         RETURN
MPASM 5.86  /HOME/NAOKI/MPLABXPROJECTS/LED.X   1-30-2020  19:54:54         PAGE  2


LOC  OBJECT CODE     LINE SOURCE TEXT
  VALUE

                      00041  
0011                  00042 TIMER2                          ; 100ms 199799サイクル
0011   30C7           00043         MOVLW       D'199'
0012   00A1           00044         MOVWF       CNT2
0013                  00045 LOOP2
0013   2???           00046         CALL        TIMER1
0014   0BA1           00047         DECFSZ      CNT2,F
0015   2???           00048         GOTO        LOOP2
0016   0008           00049         RETURN
                      00050  
0017                  00051 TIMER1                          ; 0.5ms 999サイクル
0017   30F9           00052         MOVLW       D'249'
0018   00A0           00053         MOVWF       CNT1
0019                  00054 LOOP1
0019   0000           00055         NOP
001A   0BA0           00056         DECFSZ      CNT1,F
001B   2???           00057         GOTO        LOOP1
001C   0008           00058         RETURN
                      00059  
3F50 3FFC             00060         END
MPASM 5.86  /HOME/NAOKI/MPLABXPROJECTS/LED.X   1-30-2020  19:54:54         PAGE  3


SYMBOL TABLE
  LABEL                             VALUE 

ADCON0                            0000001F
ADCON1                            0000009F
ADCS0                             00000006
ADCS1                             00000007
ADCS2                             00000006
ADDEN                             00000003
ADFM                              00000007
ADIE                              00000006
ADIF                              00000006
ADON                              00000000
ADRESH                            0000001E
ADRESL                            0000009E
ANS0                              00000000
ANS1                              00000001
ANS2                              00000002
ANS3                              00000003
ANS4                              00000004
ANS5                              00000005
ANS6                              00000006
ANSEL                             0000009B
BF                                00000000
BRGH                              00000002
C                                 00000000
C1INV                             00000004
C1OUT                             00000006
C2INV                             00000005
C2OUT                             00000007
CCP1CON                           00000017
CCP1IE                            00000002
CCP1IF                            00000002
CCP1M0                            00000000
CCP1M1                            00000001
CCP1M2                            00000002
CCP1M3                            00000003
CCP1X                             00000005
CCP1Y                             00000004
CCPR1                             00000015
CCPR1H                            00000016
CCPR1L                            00000015
CHS0                              00000003
CHS1                              00000004
CHS2                              00000005
CIS                               00000003
CKE                               00000006
CKP                               00000004
CM0                               00000000
CM1                               00000001
CM2                               00000002
CMCON                             0000009C
CMIE                              00000006
CMIF                              00000006
CNT1                              00000020
CNT2                              00000021
MPASM 5.86  /HOME/NAOKI/MPLABXPROJECTS/LED.X   1-30-2020  19:54:54         PAGE  4


SYMBOL TABLE
  LABEL                             VALUE 

CNT3                              00000022
CREN                              00000004
CSRC                              00000007
CVR0                              00000000
CVR1                              00000001
CVR2                              00000002
CVR3                              00000003
CVRCON                            0000009D
CVREN                             00000007
CVROE                             00000006
CVRR                              00000005
D                                 00000005
DATA_ADDRESS                      00000005
DC                                00000001
D_A                               00000005
D_NOT_A                           00000005
EEADR                             0000010D
EEADRH                            0000010F
EECON1                            0000018C
EECON2                            0000018D
EEDATA                            0000010C
EEDATH                            0000010E
EEIE                              00000004
EEIF                              00000004
EEPGD                             00000007
F                                 00000001
FERR                              00000002
FREE                              00000004
FSR                               00000004
GIE                               00000007
GO                                00000002
GO_DONE                           00000002
GO_NOT_DONE                       00000002
I2C_DATA                          00000005
I2C_READ                          00000002
I2C_START                         00000003
I2C_STOP                          00000004
INDF                              00000000
INIT                              00000000
INT0IE                            00000004
INT0IF                            00000001
INTCON                            0000000B
INTE                              00000004
INTEDG                            00000006
INTF                              00000001
IOFS                              00000002
IRCF0                             00000004
IRCF1                             00000005
IRCF2                             00000006
IRP                               00000007
LOOP1                             00000019
LOOP2                             00000013
LOOP3                             0000000D
MPASM 5.86  /HOME/NAOKI/MPLABXPROJECTS/LED.X   1-30-2020  19:54:54         PAGE  5


SYMBOL TABLE
  LABEL                             VALUE 

MAIN_LOOP                         00000005
NOT_A                             00000005
NOT_ADDRESS                       00000005
NOT_BO                            00000000
NOT_BOR                           00000000
NOT_DONE                          00000002
NOT_PD                            00000003
NOT_POR                           00000001
NOT_RBPU                          00000007
NOT_RC8                           00000006
NOT_T1SYNC                        00000002
NOT_TO                            00000004
NOT_TX8                           00000006
NOT_W                             00000002
NOT_WRITE                         00000002
OERR                              00000001
OPTION_REG                        00000081
OSCCON                            0000008F
OSCTUNE                           00000090
OSFIE                             00000007
OSFIF                             00000007
OSTS                              00000003
P                                 00000004
PCL                               00000002
PCLATH                            0000000A
PCON                              0000008E
PEIE                              00000006
PIE1                              0000008C
PIE2                              0000008D
PIR1                              0000000C
PIR2                              0000000D
PORTA                             00000005
PORTB                             00000006
PR2                               00000092
PS0                               00000000
PS1                               00000001
PS2                               00000002
PSA                               00000003
R                                 00000002
RA0                               00000000
RA1                               00000001
RA2                               00000002
RA3                               00000003
RA4                               00000004
RA5                               00000005
RA6                               00000006
RA7                               00000007
RB0                               00000000
RB1                               00000001
RB2                               00000002
RB3                               00000003
RB4                               00000004
RB5                               00000005
MPASM 5.86  /HOME/NAOKI/MPLABXPROJECTS/LED.X   1-30-2020  19:54:54         PAGE  6


SYMBOL TABLE
  LABEL                             VALUE 

RB6                               00000006
RB7                               00000007
RBIE                              00000003
RBIF                              00000000
RC8_9                             00000006
RC9                               00000006
RCD8                              00000000
RCIE                              00000005
RCIF                              00000005
RCREG                             0000001A
RCSTA                             00000018
RD                                00000000
READ_WRITE                        00000002
RP0                               00000005
RP1                               00000006
RX9                               00000006
RX9D                              00000000
R_NOT_W                           00000002
R_W                               00000002
S                                 00000003
SCS0                              00000000
SCS1                              00000001
SMP                               00000007
SPBRG                             00000099
SPEN                              00000007
SREN                              00000005
SSPADD                            00000093
SSPBUF                            00000013
SSPCON                            00000014
SSPEN                             00000005
SSPIE                             00000003
SSPIF                             00000003
SSPM0                             00000000
SSPM1                             00000001
SSPM2                             00000002
SSPM3                             00000003
SSPOV                             00000006
SSPSTAT                           00000094
STATUS                            00000003
SWDTE                             00000000
SWDTEN                            00000000
SYNC                              00000004
T0CS                              00000005
T0SE                              00000004
T1CKPS0                           00000004
T1CKPS1                           00000005
T1CON                             00000010
T1INSYNC                          00000002
T1OSCEN                           00000003
T1RUN                             00000006
T2CKPS0                           00000000
T2CKPS1                           00000001
T2CON                             00000012
MPASM 5.86  /HOME/NAOKI/MPLABXPROJECTS/LED.X   1-30-2020  19:54:54         PAGE  7


SYMBOL TABLE
  LABEL                             VALUE 

TIMER1                            00000017
TIMER2                            00000011
TIMER3                            0000000B
TMR0                              00000001
TMR0IE                            00000005
TMR0IF                            00000002
TMR1                              0000000E
TMR1CS                            00000001
TMR1H                             0000000F
TMR1IE                            00000000
TMR1IF                            00000000
TMR1L                             0000000E
TMR1ON                            00000000
TMR2                              00000011
TMR2IE                            00000001
TMR2IF                            00000001
TMR2ON                            00000002
TOUTPS0                           00000003
TOUTPS1                           00000004
TOUTPS2                           00000005
TOUTPS3                           00000006
TRISA                             00000085
TRISA0                            00000000
TRISA1                            00000001
TRISA2                            00000002
TRISA3                            00000003
TRISA4                            00000004
TRISA5                            00000005
TRISA6                            00000006
TRISA7                            00000007
TRISB                             00000086
TRISB0                            00000000
TRISB1                            00000001
TRISB2                            00000002
TRISB3                            00000003
TRISB4                            00000004
TRISB5                            00000005
TRISB6                            00000006
TRISB7                            00000007
TRMT                              00000001
TUN0                              00000000
TUN1                              00000001
TUN2                              00000002
TUN3                              00000003
TUN4                              00000004
TUN5                              00000005
TX8_9                             00000006
TX9                               00000006
TX9D                              00000000
TXD8                              00000000
TXEN                              00000005
TXIE                              00000004
TXIF                              00000004
MPASM 5.86  /HOME/NAOKI/MPLABXPROJECTS/LED.X   1-30-2020  19:54:54         PAGE  8


SYMBOL TABLE
  LABEL                             VALUE 

TXREG                             00000019
TXSTA                             00000098
UA                                00000001
VCFG0                             00000004
VCFG1                             00000005
W                                 00000000
WCOL                              00000007
WDTCON                            00000105
WDTPS0                            00000001
WDTPS1                            00000002
WDTPS2                            00000003
WDTPS3                            00000004
WR                                00000001
WREN                              00000002
WRERR                             00000003
Z                                 00000002
_BODEN_OFF                        00003FBF
_BODEN_ON                         00003FFF
_BOREN_OFF                        00003FBF
_BOREN_ON                         00003FFF
_CCP1_RB0                         00003FFF
_CCP1_RB3                         00002FFF
_CCPMX_RB0                        00003FFF
_CCPMX_RB3                        00002FFF
_CONFIG1                          00002007
_CONFIG2                          00002008
_CPD_OFF                          00003FFF
_CPD_ON                           00003EFF
_CP_ALL                           00001FFF
_CP_OFF                           00003FFF
_CP_ON                            00001FFF
_DEBUG_OFF                        00003FFF
_DEBUG_ON                         000037FF
_DEVID1                           00002006
_EXTCLK                           00003FEF
_EXTRC_CLKOUT                     00003FFF
_EXTRC_IO                         00003FFE
_FCMEN_OFF                        00003FFE
_FCMEN_ON                         00003FFF
_FOSC_EC                          00003FEF
_FOSC_EXTRCCLK                    00003FFF
_FOSC_EXTRCIO                     00003FFE
_FOSC_HS                          00003FEE
_FOSC_INTOSCCLK                   00003FFD
_FOSC_INTOSCIO                    00003FFC
_FOSC_LP                          00003FEC
_FOSC_XT                          00003FED
_HS_OSC                           00003FEE
_IDLOC0                           00002000
_IDLOC1                           00002001
_IDLOC2                           00002002
_IDLOC3                           00002003
_IESO_OFF                         00003FFD
MPASM 5.86  /HOME/NAOKI/MPLABXPROJECTS/LED.X   1-30-2020  19:54:54         PAGE  9


SYMBOL TABLE
  LABEL                             VALUE 

_IESO_ON                          00003FFF
_INTRC_CLKOUT                     00003FFD
_INTRC_IO                         00003FFC
_LP_OSC                           00003FEC
_LVP_OFF                          00003F7F
_LVP_ON                           00003FFF
_MCLRE_OFF                        00003FDF
_MCLRE_ON                         00003FFF
_MCLR_OFF                         00003FDF
_MCLR_ON                          00003FFF
_PWRTE_OFF                        00003FFF
_PWRTE_ON                         00003FF7
_WDTE_OFF                         00003FFB
_WDTE_ON                          00003FFF
_WDT_OFF                          00003FFB
_WDT_ON                           00003FFF
_WRT_2048                         00003BFF
_WRT_256                          00003DFF
_WRT_ALL                          000039FF
_WRT_OFF                          00003FFF
_WRT_PROTECT_2048                 00003BFF
_WRT_PROTECT_256                  00003DFF
_WRT_PROTECT_ALL                  000039FF
_WRT_PROTECT_OFF                  00003FFF
_XT_OSC                           00003FED
__16F88                           00000001

Errors   :     0
Warnings :     0 reported,     0 suppressed
Messages :     2 reported,     0 suppressed

